[debug] [2024-04-28T00:55:43.891Z] ----------------------------------------------------------------------
[debug] [2024-04-28T00:55:43.893Z] Command:       C:\Program Files\nodejs\node.exe C:\Users\famil\AppData\Roaming\npm\node_modules\firebase-tools\lib\bin\firebase.js init
[debug] [2024-04-28T00:55:43.894Z] CLI Version:   13.7.3
[debug] [2024-04-28T00:55:43.894Z] Platform:      win32
[debug] [2024-04-28T00:55:43.894Z] Node Version:  v20.11.1
[debug] [2024-04-28T00:55:43.894Z] Time:          Sat Apr 27 2024 18:55:43 GMT-0600 (Central Standard Time)
[debug] [2024-04-28T00:55:43.894Z] ----------------------------------------------------------------------
[debug] 
[debug] [2024-04-28T00:55:43.897Z] >>> [apiv2][query] GET https://firebase-public.firebaseio.com/cli.json [none]
[debug] [2024-04-28T00:55:44.000Z] > command requires scopes: ["email","openid","https://www.googleapis.com/auth/cloudplatformprojects.readonly","https://www.googleapis.com/auth/firebase","https://www.googleapis.com/auth/cloud-platform"]
[debug] [2024-04-28T00:55:44.000Z] > authorizing via signed-in user (neoristeam5@gmail.com)
[info] 
     ######## #### ########  ######## ########     ###     ######  ########
     ##        ##  ##     ## ##       ##     ##  ##   ##  ##       ##
     ######    ##  ########  ######   ########  #########  ######  ######
     ##        ##  ##    ##  ##       ##     ## ##     ##       ## ##
     ##       #### ##     ## ######## ########  ##     ##  ######  ########

You're about to initialize a Firebase project in this directory:

  C:\Users\famil\OneDrive\Escritorio\NeorisRetoReal\Reto-Bloque\nerisbloque-app

Before we get started, keep in mind:

  * You are initializing within an existing Firebase project directory

[debug] [2024-04-28T00:55:44.164Z] <<< [apiv2][status] GET https://firebase-public.firebaseio.com/cli.json 200
[debug] [2024-04-28T00:55:44.165Z] <<< [apiv2][body] GET https://firebase-public.firebaseio.com/cli.json {"cloudBuildErrorAfter":1594252800000,"cloudBuildWarnAfter":1590019200000,"defaultNode10After":1594252800000,"minVersion":"3.0.5","node8DeploysDisabledAfter":1613390400000,"node8RuntimeDisabledAfter":1615809600000,"node8WarnAfter":1600128000000}
[info] 
=== Project Setup
[info] 
[info] First, let's associate this project directory with a Firebase project.
[info] You can create multiple project aliases by running firebase use --add, 
[info] but for now we'll just set up a default project.
[info] 
[debug] [2024-04-28T00:55:49.080Z] Using project from CLI flag: videojuego-fd243
[debug] [2024-04-28T00:55:49.080Z] > refreshing access token with scopes: []
[debug] [2024-04-28T00:55:49.081Z] >>> [apiv2][query] POST https://www.googleapis.com/oauth2/v3/token [none]
[debug] [2024-04-28T00:55:49.081Z] >>> [apiv2][body] POST https://www.googleapis.com/oauth2/v3/token [omitted]
[debug] [2024-04-28T00:55:49.268Z] <<< [apiv2][status] POST https://www.googleapis.com/oauth2/v3/token 200
[debug] [2024-04-28T00:55:49.268Z] <<< [apiv2][body] POST https://www.googleapis.com/oauth2/v3/token [omitted]
[debug] [2024-04-28T00:55:49.283Z] >>> [apiv2][query] GET https://firebase.googleapis.com/v1beta1/projects/videojuego-fd243 [none]
[debug] [2024-04-28T00:55:49.558Z] <<< [apiv2][status] GET https://firebase.googleapis.com/v1beta1/projects/videojuego-fd243 200
[debug] [2024-04-28T00:55:49.558Z] <<< [apiv2][body] GET https://firebase.googleapis.com/v1beta1/projects/videojuego-fd243 {"projectId":"videojuego-fd243","projectNumber":"951943583016","displayName":"Videojuego","name":"projects/videojuego-fd243","resources":{"hostingSite":"videojuego-fd243","realtimeDatabaseInstance":"videojuego-fd243-default-rtdb","storageBucket":"videojuego-fd243.appspot.com","locationId":"us-central"},"state":"ACTIVE","etag":"1_8168fb44-7b95-41cd-b933-e719e4a34d9a"}
[info] i  Using project videojuego-fd243 (Videojuego) 
[info] 
=== Hosting Setup
[debug] [2024-04-28T00:55:49.572Z] >>> [apiv2][query] GET https://firebase.googleapis.com/v1beta1/projects/videojuego-fd243 [none]
[debug] [2024-04-28T00:55:49.749Z] <<< [apiv2][status] GET https://firebase.googleapis.com/v1beta1/projects/videojuego-fd243 200
[debug] [2024-04-28T00:55:49.749Z] <<< [apiv2][body] GET https://firebase.googleapis.com/v1beta1/projects/videojuego-fd243 {"projectId":"videojuego-fd243","projectNumber":"951943583016","displayName":"Videojuego","name":"projects/videojuego-fd243","resources":{"hostingSite":"videojuego-fd243","realtimeDatabaseInstance":"videojuego-fd243-default-rtdb","storageBucket":"videojuego-fd243.appspot.com","locationId":"us-central"},"state":"ACTIVE","etag":"1_8168fb44-7b95-41cd-b933-e719e4a34d9a"}
[info] 
[info] Your public directory is the folder (relative to your project directory) that
[info] will contain Hosting assets to be uploaded with firebase deploy. If you
[info] have a build process for your assets, use your build's output directory.
[info] 
